<?xml version="1.0" encoding="UTF-8"?>
<testsuite name="JUnit Jupiter" tests="56" skipped="0" failures="0" errors="0" time="1.935" hostname="runnervmg397c" timestamp="2026-05-27T05:40:53">
<properties>
[...]
</properties>
<testcase name="issuerCN returns common name()" classname="certkit.crl.CrlTest" time="0">
<system-out><![CDATA[
unique-id: [engine:junit-jupiter]/[class:certkit.crl.CrlTest]/[method:issuerCN returns common name()]
display-name: JUnit Jupiter > CrlTest > issuerCN returns common name()
]]></system-out>
</testcase>
<testcase name="contains and isRevokedBy check revocation()" classname="certkit.crl.CrlTest" time="0.001">
<system-out><![CDATA[
unique-id: [engine:junit-jupiter]/[class:certkit.crl.CrlTest]/[method:contains and isRevokedBy check revocation()]
display-name: JUnit Jupiter > CrlTest > contains and isRevokedBy check revocation()
]]></system-out>
</testcase>
<testcase name="key pair PEM encoding()" classname="certkit.cert.CertTest" time="0.002">
<system-out><![CDATA[
unique-id: [engine:junit-jupiter]/[class:certkit.cert.CertTest]/[method:key pair PEM encoding()]
display-name: JUnit Jupiter > CertTest > key pair PEM encoding()
]]></system-out>
</testcase>
<testcase name="raw injects prebuilt bytes()" classname="certkit.der.DslTest" time="0.004">
<system-out><![CDATA[
unique-id: [engine:junit-jupiter]/[class:certkit.der.DslTest]/[method:raw injects prebuilt bytes()]
display-name: JUnit Jupiter > DslTest > raw injects prebuilt bytes()
]]></system-out>
</testcase>
<testcase name="toPkcs1Pem fails for non-RSA keys()" classname="certkit.pem.PkcsPemTest" time="0.002">
<system-out><![CDATA[
unique-id: [engine:junit-jupiter]/[class:certkit.pem.PkcsPemTest]/[method:toPkcs1Pem fails for non-RSA keys()]
display-name: JUnit Jupiter > PkcsPemTest > toPkcs1Pem fails for non-RSA keys()
]]></system-out>
</testcase>
<testcase name="from DER round-trips()" classname="certkit.crl.CrlTest" time="0">
<system-out><![CDATA[
unique-id: [engine:junit-jupiter]/[class:certkit.crl.CrlTest]/[method:from DER round-trips()]
display-name: JUnit Jupiter > CrlTest > from DER round-trips()
]]></system-out>
</testcase>
<testcase name="parseKeyStore with pkcs1 produces correct RSA key()" classname="certkit.pem.KeyStoreTest" time="0.016">
<system-out><![CDATA[
unique-id: [engine:junit-jupiter]/[class:certkit.pem.KeyStoreTest]/[method:parseKeyStore with pkcs1 produces correct RSA key()]
display-name: JUnit Jupiter > KeyStoreTest > parseKeyStore with pkcs1 produces correct RSA key()
]]></system-out>
</testcase>
<testcase name="implicitTag encodes context tag()" classname="certkit.der.DslTest" time="0">
<system-out><![CDATA[
unique-id: [engine:junit-jupiter]/[class:certkit.der.DslTest]/[method:implicitTag encodes context tag()]
display-name: JUnit Jupiter > DslTest > implicitTag encodes context tag()
]]></system-out>
</testcase>
<testcase name="create with DNS SANs()" classname="certkit.csr.CsrTest" time="0.003">
<system-out><![CDATA[
unique-id: [engine:junit-jupiter]/[class:certkit.csr.CsrTest]/[method:create with DNS SANs()]
display-name: JUnit Jupiter > CsrTest > create with DNS SANs()
]]></system-out>
</testcase>
<testcase name="loadPublicKey RSA PKCS1 and PKCS8 produce same key()" classname="certkit.pem.PemTest" time="0.001">
<system-out><![CDATA[
unique-id: [engine:junit-jupiter]/[class:certkit.pem.PemTest]/[method:loadPublicKey RSA PKCS1 and PKCS8 produce same key()]
display-name: JUnit Jupiter > PemTest > loadPublicKey RSA PKCS1 and PKCS8 produce same key()
]]></system-out>
</testcase>
<testcase name="buildSelfSigned certificate is trusted in a trust store()" classname="certkit.cert.CertTest" time="0.007">
<system-out><![CDATA[
unique-id: [engine:junit-jupiter]/[class:certkit.cert.CertTest]/[method:buildSelfSigned certificate is trusted in a trust store()]
display-name: JUnit Jupiter > CertTest > buildSelfSigned certificate is trusted in a trust store()
]]></system-out>
</testcase>
<testcase name="loadTrustStore loads RSA, EC, and DSA CA certificates()" classname="certkit.pem.PemTest" time="0.009">
<system-out><![CDATA[
unique-id: [engine:junit-jupiter]/[class:certkit.pem.PemTest]/[method:loadTrustStore loads RSA, EC, and DSA CA certificates()]
display-name: JUnit Jupiter > PemTest > loadTrustStore loads RSA, EC, and DSA CA certificates()
]]></system-out>
</testcase>
<testcase name="toPkcs1Pem round-trip for RSA()" classname="certkit.pem.PkcsPemTest" time="0.004">
<system-out><![CDATA[
unique-id: [engine:junit-jupiter]/[class:certkit.pem.PkcsPemTest]/[method:toPkcs1Pem round-trip for RSA()]
display-name: JUnit Jupiter > PkcsPemTest > toPkcs1Pem round-trip for RSA()
]]></system-out>
</testcase>
<testcase name="buildSelfSigned produces a valid self-signed CA certificate()" classname="certkit.cert.CertTest" time="0.005">
<system-out><![CDATA[
unique-id: [engine:junit-jupiter]/[class:certkit.cert.CertTest]/[method:buildSelfSigned produces a valid self-signed CA certificate()]
display-name: JUnit Jupiter > CertTest > buildSelfSigned produces a valid self-signed CA certificate()
]]></system-out>
</testcase>
<testcase name="set encodes set with nested seq()" classname="certkit.der.DslTest" time="0.054">
<system-out><![CDATA[
unique-id: [engine:junit-jupiter]/[class:certkit.der.DslTest]/[method:set encodes set with nested seq()]
display-name: JUnit Jupiter > DslTest > set encodes set with nested seq()
]]></system-out>
</testcase>
<testcase name="create with IPv6 SAN()" classname="certkit.csr.CsrTest" time="0.003">
<system-out><![CDATA[
unique-id: [engine:junit-jupiter]/[class:certkit.csr.CsrTest]/[method:create with IPv6 SAN()]
display-name: JUnit Jupiter > CsrTest > create with IPv6 SAN()
]]></system-out>
</testcase>
<testcase name="explicitTag wraps inner elements()" classname="certkit.der.DslTest" time="0.001">
<system-out><![CDATA[
unique-id: [engine:junit-jupiter]/[class:certkit.der.DslTest]/[method:explicitTag wraps inner elements()]
display-name: JUnit Jupiter > DslTest > explicitTag wraps inner elements()
]]></system-out>
</testcase>
<testcase name="create with unknown algorithm throws()" classname="certkit.csr.CsrTest" time="0.069">
<system-out><![CDATA[
unique-id: [engine:junit-jupiter]/[class:certkit.csr.CsrTest]/[method:create with unknown algorithm throws()]
display-name: JUnit Jupiter > CsrTest > create with unknown algorithm throws()
]]></system-out>
</testcase>
<testcase name="certificate PEM round-trip()" classname="certkit.cert.CertTest" time="0.003">
<system-out><![CDATA[
unique-id: [engine:junit-jupiter]/[class:certkit.cert.CertTest]/[method:certificate PEM round-trip()]
display-name: JUnit Jupiter > CertTest > certificate PEM round-trip()
]]></system-out>
</testcase>
<testcase name="bitString encodes with pad bits()" classname="certkit.der.DslTest" time="0">
<system-out><![CDATA[
unique-id: [engine:junit-jupiter]/[class:certkit.der.DslTest]/[method:bitString encodes with pad bits()]
display-name: JUnit Jupiter > DslTest > bitString encodes with pad bits()
]]></system-out>
</testcase>
<testcase name="from PEM round-trips()" classname="certkit.crl.CrlTest" time="0.001">
<system-out><![CDATA[
unique-id: [engine:junit-jupiter]/[class:certkit.crl.CrlTest]/[method:from PEM round-trips()]
display-name: JUnit Jupiter > CrlTest > from PEM round-trips()
]]></system-out>
</testcase>
<testcase name="toPkcs8Pem encrypted with wrong password fails()" classname="certkit.pem.PkcsPemTest" time="0.007">
<system-out><![CDATA[
unique-id: [engine:junit-jupiter]/[class:certkit.pem.PkcsPemTest]/[method:toPkcs8Pem encrypted with wrong password fails()]
display-name: JUnit Jupiter > PkcsPemTest > toPkcs8Pem encrypted with wrong password fails()
]]></system-out>
</testcase>
<testcase name="pem produces valid PEM block()" classname="certkit.crl.CrlTest" time="0.002">
<system-out><![CDATA[
unique-id: [engine:junit-jupiter]/[class:certkit.crl.CrlTest]/[method:pem produces valid PEM block()]
display-name: JUnit Jupiter > CrlTest > pem produces valid PEM block()
]]></system-out>
</testcase>
<testcase name="loadPrivateKey throws on missing key()" classname="certkit.pem.PemTest" time="0">
<system-out><![CDATA[
unique-id: [engine:junit-jupiter]/[class:certkit.pem.PemTest]/[method:loadPrivateKey throws on missing key()]
display-name: JUnit Jupiter > PemTest > loadPrivateKey throws on missing key()
]]></system-out>
</testcase>
<testcase name="SignatureAlgo equality is by OID()" classname="certkit.csr.CsrTest" time="0.001">
<system-out><![CDATA[
unique-id: [engine:junit-jupiter]/[class:certkit.csr.CsrTest]/[method:SignatureAlgo equality is by OID()]
display-name: JUnit Jupiter > CsrTest > SignatureAlgo equality is by OID()
]]></system-out>
</testcase>
<testcase name="nested seq encodes correctly()" classname="certkit.der.DslTest" time="0.001">
<system-out><![CDATA[
unique-id: [engine:junit-jupiter]/[class:certkit.der.DslTest]/[method:nested seq encodes correctly()]
display-name: JUnit Jupiter > DslTest > nested seq encodes correctly()
]]></system-out>
</testcase>
<testcase name="loadPrivateKey PKCS1 and PKCS8 produce same key()" classname="certkit.pem.PemTest" time="0.005">
<system-out><![CDATA[
unique-id: [engine:junit-jupiter]/[class:certkit.pem.PemTest]/[method:loadPrivateKey PKCS1 and PKCS8 produce same key()]
display-name: JUnit Jupiter > PemTest > loadPrivateKey PKCS1 and PKCS8 produce same key()
]]></system-out>
</testcase>
<testcase name="loadKeyStore with PKCS1 unencrypted keys()" classname="certkit.pem.PemTest" time="0.065">
<system-out><![CDATA[
unique-id: [engine:junit-jupiter]/[class:certkit.pem.PemTest]/[method:loadKeyStore with PKCS1 unencrypted keys()]
display-name: JUnit Jupiter > PemTest > loadKeyStore with PKCS1 unencrypted keys()
]]></system-out>
</testcase>
<testcase name="loadPublicKey throws on missing key()" classname="certkit.pem.PemTest" time="0">
<system-out><![CDATA[
unique-id: [engine:junit-jupiter]/[class:certkit.pem.PemTest]/[method:loadPublicKey throws on missing key()]
display-name: JUnit Jupiter > PemTest > loadPublicKey throws on missing key()
]]></system-out>
</testcase>
<testcase name="signatureAlgorithms discovers RSA and EC from JCA providers()" classname="certkit.csr.CsrTest" time="0.001">
<system-out><![CDATA[
unique-id: [engine:junit-jupiter]/[class:certkit.csr.CsrTest]/[method:signatureAlgorithms discovers RSA and EC from JCA providers()]
display-name: JUnit Jupiter > CsrTest > signatureAlgorithms discovers RSA and EC from JCA providers()
]]></system-out>
</testcase>
<testcase name="tag encodes string value()" classname="certkit.der.DslTest" time="0">
<system-out><![CDATA[
unique-id: [engine:junit-jupiter]/[class:certkit.der.DslTest]/[method:tag encodes string value()]
display-name: JUnit Jupiter > DslTest > tag encodes string value()
]]></system-out>
</testcase>
<testcase name="loadKeyStore with PKCS8 unencrypted keys()" classname="certkit.pem.PemTest" time="0.184">
<system-out><![CDATA[
unique-id: [engine:junit-jupiter]/[class:certkit.pem.PemTest]/[method:loadKeyStore with PKCS8 unencrypted keys()]
display-name: JUnit Jupiter > PemTest > loadKeyStore with PKCS8 unencrypted keys()
]]></system-out>
</testcase>
<testcase name="create with mixed SANs()" classname="certkit.csr.CsrTest" time="0.053">
<system-out><![CDATA[
unique-id: [engine:junit-jupiter]/[class:certkit.csr.CsrTest]/[method:create with mixed SANs()]
display-name: JUnit Jupiter > CsrTest > create with mixed SANs()
]]></system-out>
</testcase>
<testcase name="create with RSA key produces verifiable CSR()" classname="certkit.csr.CsrTest" time="0.148">
<system-out><![CDATA[
unique-id: [engine:junit-jupiter]/[class:certkit.csr.CsrTest]/[method:create with RSA key produces verifiable CSR()]
display-name: JUnit Jupiter > CsrTest > create with RSA key produces verifiable CSR()
]]></system-out>
</testcase>
<testcase name="parseKeyStore extracts key cert and chain matching original files()" classname="certkit.pem.KeyStoreTest" time="0.044">
<system-out><![CDATA[
unique-id: [engine:junit-jupiter]/[class:certkit.pem.KeyStoreTest]/[method:parseKeyStore extracts key cert and chain matching original files()]
display-name: JUnit Jupiter > KeyStoreTest > parseKeyStore extracts key cert and chain matching original files()
]]></system-out>
</testcase>
<testcase name="toPkcs8Pem unencrypted round-trip for all key types()" classname="certkit.pem.PkcsPemTest" time="0.005">
<system-out><![CDATA[
unique-id: [engine:junit-jupiter]/[class:certkit.pem.PkcsPemTest]/[method:toPkcs8Pem unencrypted round-trip for all key types()]
display-name: JUnit Jupiter > PkcsPemTest > toPkcs8Pem unencrypted round-trip for all key types()
]]></system-out>
</testcase>
<testcase name="buildSelfSigned includes extensions()" classname="certkit.cert.CertTest" time="0.003">
<system-out><![CDATA[
unique-id: [engine:junit-jupiter]/[class:certkit.cert.CertTest]/[method:buildSelfSigned includes extensions()]
display-name: JUnit Jupiter > CertTest > buildSelfSigned includes extensions()
]]></system-out>
</testcase>
<testcase name="self-signed TBS structure()" classname="certkit.der.DslTest" time="0.099">
<system-out><![CDATA[
unique-id: [engine:junit-jupiter]/[class:certkit.der.DslTest]/[method:self-signed TBS structure()]
display-name: JUnit Jupiter > DslTest > self-signed TBS structure()
]]></system-out>
</testcase>
<testcase name="boolean and octetString encode()" classname="certkit.der.DslTest" time="0">
<system-out><![CDATA[
unique-id: [engine:junit-jupiter]/[class:certkit.der.DslTest]/[method:boolean and octetString encode()]
display-name: JUnit Jupiter > DslTest > boolean and octetString encode()
]]></system-out>
</testcase>
<testcase name="loadKeyStore with PKCS8 encrypted keys()" classname="certkit.pem.PemTest" time="0.081">
<system-out><![CDATA[
unique-id: [engine:junit-jupiter]/[class:certkit.pem.PemTest]/[method:loadKeyStore with PKCS8 encrypted keys()]
display-name: JUnit Jupiter > PemTest > loadKeyStore with PKCS8 encrypted keys()
]]></system-out>
</testcase>
<testcase name="parseKeyStore with keyPass produces decryptable key()" classname="certkit.pem.KeyStoreTest" time="0.015">
<system-out><![CDATA[
unique-id: [engine:junit-jupiter]/[class:certkit.pem.KeyStoreTest]/[method:parseKeyStore with keyPass produces decryptable key()]
display-name: JUnit Jupiter > KeyStoreTest > parseKeyStore with keyPass produces decryptable key()
]]></system-out>
</testcase>
<testcase name="toPkcs8Pem default algorithm is v1()" classname="certkit.pem.PkcsPemTest" time="0.007">
<system-out><![CDATA[
unique-id: [engine:junit-jupiter]/[class:certkit.pem.PkcsPemTest]/[method:toPkcs8Pem default algorithm is v1()]
display-name: JUnit Jupiter > PkcsPemTest > toPkcs8Pem default algorithm is v1()
]]></system-out>
</testcase>
<testcase name="isPem detects certificates, keys, and rejects non-PEM()" classname="certkit.pem.PemTest" time="0.003">
<system-out><![CDATA[
unique-id: [engine:junit-jupiter]/[class:certkit.pem.PemTest]/[method:isPem detects certificates, keys, and rejects non-PEM()]
display-name: JUnit Jupiter > PemTest > isPem detects certificates, keys, and rejects non-PEM()
]]></system-out>
</testcase>
<testcase name="loadPrivateKey throws on encrypted key without password()" classname="certkit.pem.PemTest" time="0.001">
<system-out><![CDATA[
unique-id: [engine:junit-jupiter]/[class:certkit.pem.PemTest]/[method:loadPrivateKey throws on encrypted key without password()]
display-name: JUnit Jupiter > PemTest > loadPrivateKey throws on encrypted key without password()
]]></system-out>
</testcase>
<testcase name="buildSelfSigned sets certificate fields correctly()" classname="certkit.cert.CertTest" time="0.01">
<system-out><![CDATA[
unique-id: [engine:junit-jupiter]/[class:certkit.cert.CertTest]/[method:buildSelfSigned sets certificate fields correctly()]
display-name: JUnit Jupiter > CertTest > buildSelfSigned sets certificate fields correctly()
]]></system-out>
</testcase>
<testcase name="isSignedBy verifies CA signature()" classname="certkit.crl.CrlTest" time="0.006">
<system-out><![CDATA[
unique-id: [engine:junit-jupiter]/[class:certkit.crl.CrlTest]/[method:isSignedBy verifies CA signature()]
display-name: JUnit Jupiter > CrlTest > isSignedBy verifies CA signature()
]]></system-out>
</testcase>
<testcase name="parseKeyStore fails for empty keystore()" classname="certkit.pem.KeyStoreTest" time="0.006">
<system-out><![CDATA[
unique-id: [engine:junit-jupiter]/[class:certkit.pem.KeyStoreTest]/[method:parseKeyStore fails for empty keystore()]
display-name: JUnit Jupiter > KeyStoreTest > parseKeyStore fails for empty keystore()
]]></system-out>
</testcase>
<testcase name="create with EC key produces verifiable CSR()" classname="certkit.csr.CsrTest" time="0.002">
<system-out><![CDATA[
unique-id: [engine:junit-jupiter]/[class:certkit.csr.CsrTest]/[method:create with EC key produces verifiable CSR()]
display-name: JUnit Jupiter > CsrTest > create with EC key produces verifiable CSR()
]]></system-out>
</testcase>
<testcase name="loadKeyStore with PKCS8 PEM encrypted()" classname="certkit.pem.PemTest" time="0.108">
<system-out><![CDATA[
unique-id: [engine:junit-jupiter]/[class:certkit.pem.PemTest]/[method:loadKeyStore with PKCS8 PEM encrypted()]
display-name: JUnit Jupiter > PemTest > loadKeyStore with PKCS8 PEM encrypted()
]]></system-out>
</testcase>
<testcase name="toPkcs8Pem encrypted v2 round-trip for all key types()" classname="certkit.pem.PkcsPemTest" time="0.102">
<system-out><![CDATA[
unique-id: [engine:junit-jupiter]/[class:certkit.pem.PkcsPemTest]/[method:toPkcs8Pem encrypted v2 round-trip for all key types()]
display-name: JUnit Jupiter > PkcsPemTest > toPkcs8Pem encrypted v2 round-trip for all key types()
]]></system-out>
</testcase>
<testcase name="loadPublicKey matches certificate public key()" classname="certkit.pem.PemTest" time="0.046">
<system-out><![CDATA[
unique-id: [engine:junit-jupiter]/[class:certkit.pem.PemTest]/[method:loadPublicKey matches certificate public key()]
display-name: JUnit Jupiter > PemTest > loadPublicKey matches certificate public key()
]]></system-out>
</testcase>
<testcase name="seq encodes sequence()" classname="certkit.der.DslTest" time="0">
<system-out><![CDATA[
unique-id: [engine:junit-jupiter]/[class:certkit.der.DslTest]/[method:seq encodes sequence()]
display-name: JUnit Jupiter > DslTest > seq encodes sequence()
]]></system-out>
</testcase>
<testcase name="loadKeyStore with PKCS1 PEM keys()" classname="certkit.pem.PemTest" time="0.12">
<system-out><![CDATA[
unique-id: [engine:junit-jupiter]/[class:certkit.pem.PemTest]/[method:loadKeyStore with PKCS1 PEM keys()]
display-name: JUnit Jupiter > PemTest > loadKeyStore with PKCS1 PEM keys()
]]></system-out>
</testcase>
<testcase name="CsrInfo equality and hashCode()" classname="certkit.csr.CsrTest" time="0.242">
<system-out><![CDATA[
unique-id: [engine:junit-jupiter]/[class:certkit.csr.CsrTest]/[method:CsrInfo equality and hashCode()]
display-name: JUnit Jupiter > CsrTest > CsrInfo equality and hashCode()
]]></system-out>
</testcase>
<testcase name="toPkcs8Pem encrypted v1 round-trip for all key types()" classname="certkit.pem.PkcsPemTest" time="0.118">
<system-out><![CDATA[
unique-id: [engine:junit-jupiter]/[class:certkit.pem.PkcsPemTest]/[method:toPkcs8Pem encrypted v1 round-trip for all key types()]
display-name: JUnit Jupiter > PkcsPemTest > toPkcs8Pem encrypted v1 round-trip for all key types()
]]></system-out>
</testcase>
<testcase name="utcTime encodes time range()" classname="certkit.der.DslTest" time="0.001">
<system-out><![CDATA[
unique-id: [engine:junit-jupiter]/[class:certkit.der.DslTest]/[method:utcTime encodes time range()]
display-name: JUnit Jupiter > DslTest > utcTime encodes time range()
]]></system-out>
</testcase>
<system-out><![CDATA[
unique-id: [engine:junit-jupiter]
display-name: JUnit Jupiter
]]></system-out>
</testsuite>
